<?xml version="1.0" encoding="UTF-8"?>
<!-- Generated by org.testng.reporters.JUnitReportReporter -->
<testsuite hostname="DESKTOP-VMFT2UC" name="Elearning_Project.Project_Elearning.project" tests="1" failures="0" timestamp="11 Mar 2022 07:33:46 GMT" time="161.207" errors="0">
  <testcase name="main" time="161.207" classname="Elearning_Project.Project_Elearning.project"/>
</testsuite> <!-- Elearning_Project.Project_Elearning.project -->
